<?xml version="1.0" encoding="UTF-8"?>
<!-- Generated by org.testng.reporters.JUnitXMLReporter -->
<testsuite ignored="0" hostname="Bobby" failures="0" tests="7" name="Default test" time="40.926" errors="0" timestamp="2025-06-20T15:21:19 IST">
  <testcase classname="testCases.WebTable" name="testCricketScore" time="26.124"/>
  <testcase classname="testCases.WebTable" name="testCricketScore" time="3.53"/>
  <testcase classname="testCases.WebTable" name="testCricketScore" time="3.143"/>
  <testcase classname="testCases.WebTable" name="testCricketScore" time="2.072"/>
  <testcase classname="testCases.WebTable" name="testCricketScore" time="2.328"/>
  <testcase classname="testCases.WebTable" name="testCricketScore" time="1.984"/>
  <testcase classname="testCases.WebTable" name="testCricketScore" time="1.215"/>
</testsuite> <!-- Default test -->
