<?xml version="1.0" encoding="UTF-8"?>
<!-- Generated by org.testng.reporters.JUnitXMLReporter -->
<testsuite ignored="0" hostname="Bobby" failures="1" tests="17" name="Testng" time="83.254" errors="0" timestamp="2025-06-22T23:05:07 IST">
  <testcase classname="testCases.TestClass" name="firstTestMethod" time="0.017"/>
  <testcase classname="testCases.TestClass" name="secondTestMethod" time="0.002"/>
  <testcase classname="testCases.MakeMyTrip" name="testLeastPrice" time="4.194"/>
  <testcase classname="testCases.MakeMyTrip" name="testLeastPrice" time="3.307"/>
  <testcase classname="testCases.MakeMyTrip" name="testLeastPrice" time="3.131"/>
  <testcase classname="testCases.MakeMyTrip" name="testLeastPrice" time="3.129"/>
  <testcase classname="testCases.MakeMyTrip" name="testLeastPrice" time="2.874"/>
  <testcase classname="testCases.FlipkartSearch" name="testSerachItem" time="5.246"/>
  <testcase classname="testCases.CricBuzz" name="testSLvsBan" time="6.517"/>
  <testcase classname="testCases.AmazonTest" name="searchItem" time="5.523">
    <failure type="java.lang.IndexOutOfBoundsException" message="Index 8 out of bounds for length 8">
      <![CDATA[java.lang.IndexOutOfBoundsException: Index 8 out of bounds for length 8
at java.base/jdk.internal.util.Preconditions.outOfBounds(Preconditions.java:64)
at java.base/jdk.internal.util.Preconditions.outOfBoundsCheckIndex(Preconditions.java:70)
at java.base/jdk.internal.util.Preconditions.checkIndex(Preconditions.java:266)
at java.base/java.util.Objects.checkIndex(Objects.java:359)
at java.base/java.util.ArrayList.get(ArrayList.java:427)
at testCases.AmazonTest.searchItem(AmazonTest.java:42)
at java.base/java.util.ArrayList.forEach(ArrayList.java:1511)
... Removed 27 stack frames]]>
    </failure>
  </testcase> <!-- searchItem -->
  <testcase classname="testCases.WebTable" name="testCricketScore" time="11.525"/>
  <testcase classname="testCases.WebTable" name="testCricketScore" time="7.591"/>
  <testcase classname="testCases.WebTable" name="testCricketScore" time="7.184"/>
  <testcase classname="testCases.WebTable" name="testCricketScore" time="4.694"/>
  <testcase classname="testCases.WebTable" name="testCricketScore" time="3.634"/>
  <testcase classname="testCases.WebTable" name="testCricketScore" time="3.622"/>
  <testcase classname="testCases.WebTable" name="testCricketScore" time="2.88"/>
</testsuite> <!-- Testng -->
