<?xml version="1.0" encoding="UTF-8"?>
<testng-results ignored="0" total="1" passed="1" failed="0" skipped="0">
  <reporter-output>
  </reporter-output>
  <suite started-at="2025-06-20T08:51:54 IST" name="Default suite" finished-at="2025-06-20T08:52:07 IST" duration-ms="13397">
    <groups>
    </groups>
    <test started-at="2025-06-20T08:51:54 IST" name="Default test" finished-at="2025-06-20T08:52:07 IST" duration-ms="13397">
      <class name="testCases.CricBuzz">
        <test-method signature="testSLvsBan()[pri:0, instance:testCases.CricBuzz@409bf450]" started-at="2025-06-20T08:51:54 IST" name="testSLvsBan" finished-at="2025-06-20T08:52:07 IST" duration-ms="13328" status="PASS">
          <reporter-output>
          </reporter-output>
        </test-method> <!-- testSLvsBan -->
      </class> <!-- testCases.CricBuzz -->
    </test> <!-- Default test -->
  </suite> <!-- Default suite -->
</testng-results>
