<?xml version="1.0" encoding="UTF-8"?>
<testng-results ignored="0" total="6" passed="6" failed="0" skipped="0">
  <reporter-output>
  </reporter-output>
  <suite started-at="2025-06-24T22:55:18 IST" name="Default suite" finished-at="2025-06-24T22:55:32 IST" duration-ms="14709">
    <groups>
    </groups>
    <test started-at="2025-06-24T22:55:18 IST" name="Default test" finished-at="2025-06-24T22:55:32 IST" duration-ms="14709">
      <class name="testCases.MakeMyTrip">
        <test-method is-config="true" signature="launchingBrowser()[pri:0, instance:testCases.MakeMyTrip@732f29af]" started-at="2025-06-24T22:55:18 IST" name="launchingBrowser" finished-at="2025-06-24T22:55:20 IST" duration-ms="1932" status="PASS">
          <reporter-output>
          </reporter-output>
        </test-method> <!-- launchingBrowser -->
        <test-method signature="testLeastPrice(java.lang.String,java.lang.String)[pri:0, instance:testCases.MakeMyTrip@732f29af]" started-at="2025-06-24T22:55:20 IST" name="testLeastPrice" data-provider="cities" finished-at="2025-06-24T22:55:21 IST" duration-ms="1947" status="PASS">
          <params>
            <param index="0">
              <value>
                <![CDATA[Hyderabad]]>
              </value>
            </param>
            <param index="1">
              <value>
                <![CDATA[Bengaluru]]>
              </value>
            </param>
          </params>
          <reporter-output>
          </reporter-output>
        </test-method> <!-- testLeastPrice -->
        <test-method signature="testLeastPrice(java.lang.String,java.lang.String)[pri:0, instance:testCases.MakeMyTrip@732f29af]" started-at="2025-06-24T22:55:21 IST" name="testLeastPrice" data-provider="cities" finished-at="2025-06-24T22:55:23 IST" duration-ms="1879" status="PASS">
          <params>
            <param index="0">
              <value>
                <![CDATA[Bengaluru]]>
              </value>
            </param>
            <param index="1">
              <value>
                <![CDATA[Hyderabad]]>
              </value>
            </param>
          </params>
          <reporter-output>
          </reporter-output>
        </test-method> <!-- testLeastPrice -->
        <test-method signature="testLeastPrice(java.lang.String,java.lang.String)[pri:0, instance:testCases.MakeMyTrip@732f29af]" started-at="2025-06-24T22:55:23 IST" name="testLeastPrice" data-provider="cities" finished-at="2025-06-24T22:55:26 IST" duration-ms="2178" status="PASS">
          <params>
            <param index="0">
              <value>
                <![CDATA[Bengaluru]]>
              </value>
            </param>
            <param index="1">
              <value>
                <![CDATA[Dubai]]>
              </value>
            </param>
          </params>
          <reporter-output>
          </reporter-output>
        </test-method> <!-- testLeastPrice -->
        <test-method signature="testLeastPrice(java.lang.String,java.lang.String)[pri:0, instance:testCases.MakeMyTrip@732f29af]" started-at="2025-06-24T22:55:26 IST" name="testLeastPrice" data-provider="cities" finished-at="2025-06-24T22:55:28 IST" duration-ms="2301" status="PASS">
          <params>
            <param index="0">
              <value>
                <![CDATA[Chennai]]>
              </value>
            </param>
            <param index="1">
              <value>
                <![CDATA[Delhi]]>
              </value>
            </param>
          </params>
          <reporter-output>
          </reporter-output>
        </test-method> <!-- testLeastPrice -->
        <test-method signature="testLeastPrice(java.lang.String,java.lang.String)[pri:0, instance:testCases.MakeMyTrip@732f29af]" started-at="2025-06-24T22:55:28 IST" name="testLeastPrice" data-provider="cities" finished-at="2025-06-24T22:55:30 IST" duration-ms="2097" status="PASS">
          <params>
            <param index="0">
              <value>
                <![CDATA[Mumbai]]>
              </value>
            </param>
            <param index="1">
              <value>
                <![CDATA[Delhi]]>
              </value>
            </param>
          </params>
          <reporter-output>
          </reporter-output>
        </test-method> <!-- testLeastPrice -->
        <test-method signature="testLeastPrice(java.lang.String,java.lang.String)[pri:0, instance:testCases.MakeMyTrip@732f29af]" started-at="2025-06-24T22:55:30 IST" name="testLeastPrice" data-provider="cities" finished-at="2025-06-24T22:55:32 IST" duration-ms="1974" status="PASS">
          <params>
            <param index="0">
              <value>
                <![CDATA[Kolkata]]>
              </value>
            </param>
            <param index="1">
              <value>
                <![CDATA[Delhi]]>
              </value>
            </param>
          </params>
          <reporter-output>
          </reporter-output>
        </test-method> <!-- testLeastPrice -->
        <test-method is-config="true" signature="closingBrowser()[pri:0, instance:testCases.MakeMyTrip@732f29af]" started-at="2025-06-24T22:55:32 IST" name="closingBrowser" finished-at="2025-06-24T22:55:32 IST" duration-ms="320" status="PASS">
          <reporter-output>
          </reporter-output>
        </test-method> <!-- closingBrowser -->
      </class> <!-- testCases.MakeMyTrip -->
    </test> <!-- Default test -->
  </suite> <!-- Default suite -->
</testng-results>
